<?xml version="1.0" encoding="UTF-8"?>
<!-- Generated by org.testng.reporters.JUnitReportReporter -->
<testsuite skipped="0" hostname="Muhammads-MacBook-Pro.local" name="TestJobSearch" tests="1" failures="0" timestamp="13 Jul 2017 03:13:27 GMT" time="0.265" errors="0">
  <testcase name="testPageTitle" time="0.265" classname="TestJobSearch"/>
</testsuite> <!-- TestJobSearch -->
